TN:clic
SF:/usr/include/x86_64-linux-gnu/bits/stdio2.h
DA:104,115
LF:1
LH:1
end_of_record
SF:/usr/include/x86_64-linux-gnu/bits/string3.h
DA:84,56322
DA:104,2
LF:2
LH:2
end_of_record
SF:/home/ubuntu/PortlandState/spring2014/softwareTesting/project1/project/clic-2/main.c
FN:24,main
FNDA:55,main
FNF:1
FNH:1
BRDA:29,2,0,56320
BRDA:29,2,1,55
BRDA:35,9999,0,0
BRDA:35,9999,1,55
BRDA:48,0,0,54
BRDA:48,0,1,55
BRDA:51,9999,0,0
BRDA:51,9999,1,109
BRDA:53,0,0,1
BRDA:53,0,1,108
BRDA:58,9999,0,61
BRDA:58,9999,1,47
BRDA:58,0,2,59
BRDA:58,0,3,2
BRDA:59,0,0,1
BRDA:59,0,1,0
BRDA:59,0,2,1
BRDA:59,0,3,1
BRDA:59,0,4,1
BRDA:59,0,5,55
BRDA:82,0,0,1
BRDA:82,0,1,48
BRDA:90,0,0,2
BRDA:90,0,1,46
BRDA:98,0,0,0
BRDA:98,0,1,2
BRDA:102,0,0,0
BRDA:102,0,1,2
BRDA:113,9999,0,2
BRDA:113,9999,1,46
BRDA:125,9999,0,2
BRDA:125,9999,1,44
BRDA:129,9999,0,1
BRDA:129,9999,1,1
BRDA:134,0,0,1
BRDA:134,0,1,0
BRF:36
BRH:30
DA:24,55
DA:26,55
DA:29,56375
DA:30,56320
DA:31,56320
DA:34,55
DA:35,55
DA:37,0
DA:40,55
DA:48,109
DA:49,54
DA:50,109
DA:51,109
DA:52,0
DA:53,109
DA:54,1
DA:55,108
DA:58,108
DA:59,59
DA:63,1
DA:64,1
DA:66,0
DA:67,0
DA:69,1
DA:70,1
DA:73,1
DA:76,1
DA:80,49
DA:81,49
DA:82,49
DA:84,1
DA:87,48
DA:90,48
DA:91,2
DA:92,2
DA:98,2
DA:100,0
DA:102,2
DA:104,0
DA:106,2
DA:107,2
DA:108,2
DA:112,48
DA:113,48
DA:114,2
DA:115,2
DA:123,46
DA:125,46
DA:127,2
DA:128,2
DA:129,2
DA:130,1
DA:131,1
DA:133,1
DA:134,1
DA:135,1
DA:142,55
DA:143,55
LF:58
LH:52
end_of_record
SF:/usr/include/x86_64-linux-gnu/bits/stdio2.h
DA:104,106
LF:1
LH:1
end_of_record
SF:/usr/include/x86_64-linux-gnu/bits/string3.h
DA:84,56322
DA:104,2
LF:2
LH:2
end_of_record
