TN:clic
SF:/usr/include/x86_64-linux-gnu/bits/stdio2.h
DA:104,1665
LF:1
LH:1
end_of_record
SF:/usr/include/x86_64-linux-gnu/bits/string3.h
DA:84,747636
DA:104,116
LF:2
LH:2
end_of_record
SF:/home/ubuntu/PortlandState/spring2014/softwareTesting/project1/project/clic-2/main.c
FN:24,main
FNDA:730,main
FNF:1
FNH:1
BRDA:29,2,0,747520
BRDA:29,2,1,730
BRDA:35,9999,0,0
BRDA:35,9999,1,730
BRDA:48,0,0,785
BRDA:48,0,1,730
BRDA:51,9999,0,0
BRDA:51,9999,1,1515
BRDA:53,0,0,11
BRDA:53,0,1,1504
BRDA:58,9999,0,816
BRDA:58,9999,1,688
BRDA:58,0,2,793
BRDA:58,0,3,23
BRDA:59,0,0,12
BRDA:59,0,1,15
BRDA:59,0,2,11
BRDA:59,0,3,14
BRDA:59,0,4,11
BRDA:59,0,5,730
BRDA:82,0,0,11
BRDA:82,0,1,700
BRDA:90,0,0,125
BRDA:90,0,1,575
BRDA:98,0,0,0
BRDA:98,0,1,125
BRDA:102,0,0,9
BRDA:102,0,1,116
BRDA:113,9999,0,45
BRDA:113,9999,1,646
BRDA:125,9999,0,108
BRDA:125,9999,1,538
BRDA:129,9999,0,60
BRDA:129,9999,1,48
BRDA:134,0,0,48
BRDA:134,0,1,0
BRF:36
BRH:32
DA:24,730
DA:26,730
DA:29,748250
DA:30,747520
DA:31,747520
DA:34,730
DA:35,730
DA:37,0
DA:40,730
DA:48,1515
DA:49,785
DA:50,1515
DA:51,1515
DA:52,0
DA:53,1515
DA:54,11
DA:55,1504
DA:58,1504
DA:59,793
DA:63,12
DA:64,12
DA:66,15
DA:67,15
DA:69,11
DA:70,11
DA:73,14
DA:76,11
DA:80,711
DA:81,711
DA:82,711
DA:84,11
DA:87,700
DA:90,700
DA:91,125
DA:92,125
DA:98,125
DA:100,0
DA:102,125
DA:104,9
DA:106,116
DA:107,116
DA:108,116
DA:112,691
DA:113,691
DA:114,45
DA:115,45
DA:121,646
DA:123,646
DA:125,646
DA:127,108
DA:128,108
DA:129,108
DA:130,60
DA:131,60
DA:133,48
DA:134,48
DA:135,48
DA:142,730
DA:143,730
LF:59
LH:56
end_of_record
TN:clic
SF:/home/ubuntu/PortlandState/spring2014/softwareTesting/project1/project/clic-2/list.c
FN:5,list_create
FN:17,list_add
FN:42,list_foreach
FN:54,list_find_first
FN:69,list_find_by_addr
FN:82,list_delete
FNDA:3611,list_create
FNDA:23570,list_add
FNDA:684,list_foreach
FNDA:27533,list_find_first
FNDA:646,list_find_by_addr
FNDA:3611,list_delete
FNF:6
FNH:6
BRDA:9,0,0,3611
BRDA:9,0,1,0
BRDA:21,0,0,23570
BRDA:21,0,1,0
BRDA:25,0,0,23570
BRDA:25,0,1,0
BRDA:31,0,0,3336
BRDA:31,0,1,20234
BRDA:47,1,0,2048
BRDA:47,1,1,684
BRDA:48,0,0,2048
BRDA:48,0,1,0
BRDA:60,1,0,255169
BRDA:60,1,1,25853
BRDA:62,9999,0,253489
BRDA:62,9999,1,1680
BRDA:66,0,0,1680
BRDA:66,0,1,25853
BRDA:74,1,0,680
BRDA:74,1,1,0
BRDA:75,0,0,34
BRDA:75,0,1,646
BRDA:79,0,0,646
BRDA:79,0,1,0
BRDA:87,1,0,23570
BRDA:87,1,1,3611
BRDA:89,0,0,21923
BRDA:89,0,1,1647
BRDA:89,1,2,21923
BRDA:89,1,3,0
BRF:30
BRH:23
DA:5,3611
DA:8,3611
DA:9,3611
DA:11,3611
DA:12,3611
DA:13,3611
DA:14,3611
DA:17,23570
DA:21,23570
DA:24,23570
DA:25,23570
DA:28,23570
DA:29,23570
DA:31,23570
DA:32,3336
DA:34,20234
DA:37,23570
DA:38,23570
DA:39,23570
DA:42,684
DA:46,684
DA:47,2732
DA:48,2048
DA:49,2048
DA:50,2048
DA:52,684
DA:54,27533
DA:57,27533
DA:59,27533
DA:60,281022
DA:61,255169
DA:62,255169
DA:64,253489
DA:66,27533
DA:69,646
DA:73,646
DA:74,680
DA:75,680
DA:77,34
DA:79,646
DA:82,3611
DA:85,3611
DA:87,27181
DA:88,23570
DA:89,23570
DA:90,21923
DA:92,23570
DA:93,23570
DA:96,3611
DA:97,3611
LF:50
LH:50
end_of_record
TN:clic
SF:/home/ubuntu/PortlandState/spring2014/softwareTesting/project1/project/clic-2/pstack.c
FN:5,pstack_create
FN:25,pstack_delete
FN:34,pstack_push
FN:46,pstack_pop
FN:61,pstack_empty
FN:68,pstack_full
FN:75,pstack_peek
FN:84,pstack_clear
FN:89,pstack_print
FNDA:730,pstack_create
FNDA:730,pstack_delete
FNDA:4801,pstack_push
FNDA:4780,pstack_pop
FNDA:6245,pstack_empty
FNDA:2063,pstack_full
FNDA:1051,pstack_peek
FNDA:2665,pstack_clear
FNDA:0,pstack_print
FNF:9
FNH:8
BRDA:10,0,0,730
BRDA:10,0,1,0
BRDA:16,0,0,0
BRDA:16,0,1,730
BRDA:27,0,0,730
BRDA:27,0,1,0
BRDA:36,0,0,4801
BRDA:36,0,1,0
BRDA:38,0,0,4801
BRDA:38,0,1,0
BRDA:50,0,0,4780
BRDA:50,0,1,0
BRDA:53,0,0,4780
BRDA:53,0,1,0
BRDA:63,0,0,6245
BRDA:63,0,1,0
BRDA:70,0,0,2063
BRDA:70,0,1,0
BRDA:77,0,0,1051
BRDA:77,0,1,0
BRDA:79,0,0,1051
BRDA:79,0,1,0
BRDA:93,0,0,-
BRDA:93,0,1,-
BRDA:96,1,0,-
BRDA:96,1,1,-
BRF:26
BRH:11
DA:5,730
DA:9,730
DA:10,730
DA:13,730
DA:14,730
DA:16,730
DA:17,0
DA:18,0
DA:21,730
DA:22,730
DA:25,730
DA:27,730
DA:28,730
DA:30,730
DA:31,730
DA:34,4801
DA:36,4801
DA:38,4801
DA:41,4801
DA:42,4801
DA:43,4801
DA:46,4780
DA:50,4780
DA:53,4780
DA:56,4780
DA:57,4780
DA:58,4780
DA:61,6245
DA:63,6245
DA:65,6245
DA:68,2063
DA:70,2063
DA:72,2063
DA:75,1051
DA:77,1051
DA:79,1051
DA:81,1051
DA:84,2665
DA:86,2665
DA:87,2665
DA:89,0
DA:93,0
DA:94,0
DA:96,0
DA:97,0
LF:45
LH:38
end_of_record
TN:clic
SF:/usr/include/x86_64-linux-gnu/bits/stdio2.h
DA:33,789
DA:64,730
DA:104,3132
LF:3
LH:3
end_of_record
SF:/usr/include/x86_64-linux-gnu/bits/string3.h
DA:104,1465
DA:142,789
LF:2
LH:2
end_of_record
SF:/home/ubuntu/PortlandState/spring2014/softwareTesting/project1/project/clic-2/parser.c
FN:92,check_item_name
FN:102,check_item_val
FN:109,check_item_addr
FN:116,find_item_by_name
FN:119,parser_create_func_nocheck
FN:119,parser_create_func
FN:119,find_item
FN:119,parser_create_var
FN:124,find_item_by_val
FN:127,parser_create_expr
FN:133,find_item_by_addr
FN:141,const_exists_by_val
FN:152,delete_expr_item
FN:168,p_add
FN:173,p_sub
FN:178,p_mul
FN:183,p_div
FN:188,p_pow
FN:193,p_neg
FN:198,p_nul
FN:203,parser_error
FN:210,parser_errorstr
FN:217,parser_create
FN:495,parser_addconst
FN:516,print_item
FN:533,parser_print_varlist
FN:538,parser_print_funclist
FN:543,parser_print_constlist
FN:548,print_expr_item
FN:559,parser_print_expr_infix
FN:570,parser_print_expr_postfix
FN:581,print_stack_item
FN:586,print_stack
FN:707,priority
FN:747,valid_const
FN:1042,valid_expr
FN:1097,parser_eval_expr
FN:1154,delete_expr
FN:1166,parser_delete
FNDA:254811,check_item_name
FNDA:358,check_item_val
FNDA:0,check_item_addr
FNDA:0,find_item_by_name
FNDA:0,find_item_by_val
FNDA:0,find_item_by_addr
FNDA:0,const_exists_by_val
FNDA:21277,delete_expr_item
FNDA:103,p_add
FNDA:44,p_sub
FNDA:69,p_mul
FNDA:55,p_div
FNDA:22,p_pow
FNDA:155,p_neg
FNDA:11,p_nul
FNDA:0,parser_error
FNDA:105,parser_errorstr
FNDA:730,parser_create
FNDA:1568,parser_create_var
FNDA:789,parser_addconst
FNDA:414,print_item
FNDA:12,parser_print_varlist
FNDA:15,parser_print_funclist
FNDA:11,parser_print_constlist
FNDA:1634,print_expr_item
FNDA:0,parser_print_expr_infix
FNDA:646,parser_print_expr_postfix
FNDA:0,print_stack_item
FNDA:0,print_stack
FNDA:18980,parser_create_func_nocheck
FNDA:0,parser_create_func
FNDA:1051,priority
FNDA:1561,find_item
FNDA:909,valid_const
FNDA:691,parser_create_expr
FNDA:652,valid_expr
FNDA:646,parser_eval_expr
FNDA:646,delete_expr
FNDA:730,parser_delete
FNF:39
FNH:29
BRDA:144,2,0,-
BRDA:144,2,1,-
BRDA:146,0,0,-
BRDA:146,0,1,-
BRDA:155,0,0,789
BRDA:155,0,1,20488
BRDA:205,0,0,-
BRDA:205,0,1,-
BRDA:212,0,0,105
BRDA:212,0,1,0
BRDA:228,0,0,730
BRDA:228,0,1,0
BRDA:246,0,0,0
BRDA:246,0,1,730
BRDA:253,9999,0,0
BRDA:253,9999,1,730
BRDA:259,9999,0,0
BRDA:259,9999,1,730
BRDA:265,9999,0,0
BRDA:265,9999,1,730
BRDA:271,0,0,0
BRDA:271,0,1,730
BRDA:277,0,0,0
BRDA:277,0,1,730
BRDA:283,0,0,730
BRDA:283,0,1,0
BRDA:289,1,0,93440
BRDA:289,1,1,730
BRDA:294,9999,0,0
BRDA:294,9999,1,730
BRDA:300,9999,0,0
BRDA:300,9999,1,730
BRDA:307,0,1,0
BRDA:307,0,2,730
BRDA:314,0,1,0
BRDA:314,0,2,730
BRDA:321,0,1,0
BRDA:321,0,2,730
BRDA:326,0,1,0
BRDA:326,0,2,730
BRDA:331,0,1,0
BRDA:331,0,2,730
BRDA:336,0,1,0
BRDA:336,0,2,730
BRDA:341,0,1,0
BRDA:341,0,2,730
BRDA:346,0,1,0
BRDA:346,0,2,730
BRDA:351,0,1,0
BRDA:351,0,2,730
BRDA:356,0,1,0
BRDA:356,0,2,730
BRDA:361,0,1,0
BRDA:361,0,2,730
BRDA:368,9999,0,730
BRDA:368,9999,1,0
BRDA:371,1,0,12410
BRDA:371,1,1,730
BRDA:373,9999,1,12410
BRDA:373,9999,2,0
BRDA:383,0,0,-
BRDA:383,0,1,-
BRDA:385,0,0,-
BRDA:385,0,1,-
BRDA:387,0,0,-
BRDA:387,0,1,-
BRDA:389,0,0,-
BRDA:389,0,1,-
BRDA:393,0,0,-
BRDA:393,0,1,-
BRDA:395,0,0,-
BRDA:395,0,1,-
BRDA:397,0,0,-
BRDA:397,0,1,-
BRDA:400,0,0,-
BRDA:400,0,1,-
BRDA:414,0,0,1568
BRDA:414,0,1,0
BRDA:420,0,0,1562
BRDA:420,0,1,6
BRDA:420,1,3,1539
BRDA:420,1,4,23
BRDA:425,1,0,772
BRDA:425,1,1,1531
BRDA:426,0,0,772
BRDA:426,0,1,0
BRDA:426,1,2,8
BRDA:426,1,3,764
BRDA:426,2,4,8
BRDA:426,2,5,0
BRDA:434,9999,0,17
BRDA:434,9999,1,1514
BRDA:436,0,0,17
BRDA:436,0,1,0
BRDA:451,9999,0,0
BRDA:451,9999,1,1514
BRDA:462,9999,0,6
BRDA:462,9999,1,1508
BRDA:473,0,0,0
BRDA:473,0,1,1508
BRDA:484,0,1,0
BRDA:484,0,2,1508
BRDA:500,0,0,789
BRDA:500,0,1,0
BRDA:508,0,1,0
BRDA:508,0,2,789
BRDA:520,9999,0,24
BRDA:520,9999,1,390
BRDA:522,9999,0,24
BRDA:522,9999,1,0
BRDA:551,0,0,729
BRDA:551,0,1,905
BRDA:562,0,1,-
BRDA:562,0,2,-
BRDA:573,0,1,646
BRDA:573,0,2,0
BRDA:601,9999,0,18980
BRDA:601,9999,1,0
BRDA:606,0,0,18980
BRDA:606,0,1,0
BRDA:613,0,1,0
BRDA:613,0,2,18980
BRDA:627,0,0,-
BRDA:627,0,1,-
BRDA:633,0,0,-
BRDA:633,0,1,-
BRDA:633,1,3,-
BRDA:633,1,4,-
BRDA:638,1,0,-
BRDA:638,1,1,-
BRDA:639,0,0,-
BRDA:639,0,1,-
BRDA:639,1,2,-
BRDA:639,1,3,-
BRDA:639,2,4,-
BRDA:639,2,5,-
BRDA:647,9999,0,-
BRDA:647,9999,1,-
BRDA:653,9999,0,-
BRDA:653,9999,1,-
BRDA:659,9999,0,-
BRDA:659,9999,1,-
BRDA:665,0,0,-
BRDA:665,0,1,-
BRDA:675,0,1,-
BRDA:675,0,2,-
BRDA:709,0,0,1051
BRDA:709,0,1,0
BRDA:712,0,0,488
BRDA:712,0,1,563
BRDA:715,0,0,201
BRDA:715,0,1,287
BRDA:718,0,1,165
BRDA:718,0,2,36
BRDA:721,0,0,165
BRDA:721,0,1,0
BRDA:724,0,0,33
BRDA:724,0,1,132
BRDA:724,1,2,33
BRDA:724,1,3,0
BRDA:737,9999,0,1524
BRDA:737,9999,1,37
BRDA:741,9999,0,1500
BRDA:741,9999,1,24
BRDA:754,2,0,1450
BRDA:754,2,1,909
BRDA:755,0,1,33
BRDA:755,0,2,1417
BRDA:755,1,3,0
BRDA:755,1,4,33
BRDA:756,0,0,33
BRDA:756,0,1,1417
BRDA:758,0,0,0
BRDA:758,0,1,1450
BRDA:760,0,0,1450
BRDA:760,0,1,0
BRDA:783,0,0,691
BRDA:783,0,1,0
BRDA:785,0,0,691
BRDA:785,0,1,0
BRDA:791,0,0,0
BRDA:791,0,1,691
BRDA:798,9999,0,0
BRDA:798,9999,1,691
BRDA:809,2,0,3810
BRDA:809,2,1,691
BRDA:810,0,0,61
BRDA:810,0,1,3749
BRDA:816,0,0,0
BRDA:816,0,1,691
BRDA:823,0,0,0
BRDA:823,0,1,691
BRDA:831,2,0,3810
BRDA:831,2,1,691
BRDA:832,0,0,3749
BRDA:832,0,1,61
BRDA:843,2,1,3746
BRDA:843,2,2,690
BRDA:844,0,0,424
BRDA:844,0,1,3322
BRDA:845,0,1,0
BRDA:845,0,2,424
BRDA:851,0,0,411
BRDA:851,0,1,3335
BRDA:852,0,1,1
BRDA:852,0,2,410
BRDA:860,0,1,14
BRDA:860,0,2,676
BRDA:877,0,0,2470
BRDA:877,0,1,652
BRDA:879,0,0,0
BRDA:879,0,1,2470
BRDA:879,1,2,-
BRDA:879,1,3,-
BRDA:879,4,5,1240
BRDA:879,4,6,1230
BRDA:885,0,0,298
BRDA:885,0,1,942
BRDA:886,0,0,285
BRDA:886,0,1,13
BRDA:886,1,3,182
BRDA:886,1,4,103
BRDA:886,2,5,49
BRDA:886,2,6,133
BRDA:890,0,0,986
BRDA:890,0,1,254
BRDA:891,0,0,133
BRDA:891,0,1,853
BRDA:894,0,0,13
BRDA:894,0,1,973
BRDA:899,0,0,555
BRDA:899,0,1,675
BRDA:909,0,0,2470
BRDA:909,0,1,0
BRDA:909,1,3,909
BRDA:909,1,4,1561
BRDA:911,0,1,0
BRDA:911,0,2,909
BRDA:915,0,0,0
BRDA:915,0,1,909
BRDA:922,9999,0,789
BRDA:922,9999,1,120
BRDA:924,0,0,0
BRDA:924,0,1,789
BRDA:929,0,0,0
BRDA:929,0,1,789
BRDA:943,9999,0,0
BRDA:943,9999,1,789
BRDA:954,0,0,24
BRDA:954,0,1,2446
BRDA:959,0,0,946
BRDA:959,0,1,1500
BRDA:959,0,2,0
BRDA:959,0,3,0
BRDA:963,0,1,0
BRDA:963,0,2,946
BRDA:972,0,1,1051
BRDA:972,0,2,614
BRDA:975,9999,1,165
BRDA:975,9999,2,886
BRDA:978,9999,1,165
BRDA:978,9999,2,0
BRDA:983,0,0,1104
BRDA:983,0,1,396
BRDA:1007,0,1,536
BRDA:1007,0,2,652
BRDA:1009,9999,1,0
BRDA:1009,9999,2,536
BRDA:1017,9999,0,6
BRDA:1017,9999,1,646
BRDA:1023,0,1,0
BRDA:1023,0,2,646
BRDA:1031,0,0,45
BRDA:1031,0,1,0
BRDA:1033,0,0,45
BRDA:1033,0,1,0
BRDA:1035,0,0,45
BRDA:1035,0,1,0
BRDA:1037,0,0,45
BRDA:1037,0,1,0
BRDA:1054,0,0,1644
BRDA:1054,0,1,647
BRDA:1056,0,0,943
BRDA:1056,0,1,701
BRDA:1056,0,2,0
BRDA:1056,0,3,0
BRDA:1060,0,1,943
BRDA:1060,0,2,0
BRDA:1068,1,0,998
BRDA:1068,1,1,696
BRDA:1069,0,1,993
BRDA:1069,0,2,5
BRDA:1074,0,1,696
BRDA:1074,0,2,0
BRDA:1088,0,1,646
BRDA:1088,0,2,1
BRDA:1091,9999,1,646
BRDA:1091,9999,2,0
BRDA:1108,0,0,646
BRDA:1108,0,1,0
BRDA:1110,0,0,646
BRDA:1110,0,1,0
BRDA:1118,0,0,1634
BRDA:1118,0,1,646
BRDA:1120,0,0,939
BRDA:1120,0,1,695
BRDA:1120,0,2,0
BRDA:1130,1,0,988
BRDA:1130,1,1,695
BRDA:1134,0,0,236
BRDA:1134,0,1,459
BRF:311
BRH:185
DA:92,254811
DA:94,254811
DA:95,254811
DA:97,254811
DA:99,254811
DA:102,358
DA:104,358
DA:105,358
DA:106,358
DA:109,0
DA:111,0
DA:112,0
DA:113,0
DA:116,0
DA:119,26624
DA:121,26624
DA:124,0
DA:127,909
DA:128,909
DA:130,909
DA:133,0
DA:136,0
DA:138,0
DA:141,0
DA:144,0
DA:145,0
DA:146,0
DA:149,0
DA:152,21277
DA:154,21277
DA:155,21277
DA:156,789
DA:158,21277
DA:159,21277
DA:168,103
DA:170,103
DA:173,44
DA:175,44
DA:178,69
DA:180,69
DA:183,55
DA:185,55
DA:188,22
DA:190,22
DA:193,155
DA:195,155
DA:198,11
DA:200,11
DA:203,0
DA:205,0
DA:207,0
DA:210,105
DA:212,105
DA:214,105
DA:217,730
DA:227,730
DA:228,730
DA:232,730
DA:233,730
DA:234,730
DA:235,730
DA:236,730
DA:237,730
DA:238,730
DA:239,730
DA:240,730
DA:241,730
DA:242,730
DA:243,730
DA:244,730
DA:246,730
DA:247,0
DA:248,0
DA:250,730
DA:252,730
DA:253,730
DA:254,0
DA:255,0
DA:258,730
DA:259,730
DA:260,0
DA:261,0
DA:264,730
DA:265,730
DA:266,0
DA:267,0
DA:270,730
DA:271,730
DA:272,0
DA:273,0
DA:276,730
DA:277,730
DA:278,0
DA:279,0
DA:282,730
DA:283,730
DA:284,0
DA:285,0
DA:289,94170
DA:290,93440
DA:293,730
DA:294,730
DA:295,0
DA:296,0
DA:299,730
DA:300,730
DA:301,0
DA:302,0
DA:305,730
DA:307,730
DA:308,0
DA:309,0
DA:311,730
DA:313,730
DA:314,730
DA:315,0
DA:316,0
DA:318,730
DA:321,730
DA:322,0
DA:323,0
DA:326,730
DA:327,0
DA:328,0
DA:331,730
DA:332,0
DA:333,0
DA:336,730
DA:337,0
DA:338,0
DA:341,730
DA:342,0
DA:343,0
DA:346,730
DA:347,0
DA:348,0
DA:351,730
DA:352,0
DA:353,0
DA:356,730
DA:357,0
DA:358,0
DA:361,730
DA:362,0
DA:363,0
DA:367,730
DA:368,730
DA:371,13140
DA:372,12410
DA:373,12410
DA:374,12410
DA:378,730
DA:379,730
DA:383,0
DA:384,0
DA:385,0
DA:386,0
DA:387,0
DA:388,0
DA:389,0
DA:390,0
DA:393,0
DA:394,0
DA:395,0
DA:396,0
DA:397,0
DA:398,0
DA:400,0
DA:401,0
DA:403,0
DA:404,0
DA:407,1568
DA:412,1568
DA:414,1568
DA:416,1568
DA:418,1568
DA:420,1568
DA:421,29
DA:422,29
DA:425,2303
DA:426,772
DA:427,8
DA:428,8
DA:433,3062
DA:434,1531
DA:435,17
DA:436,17
DA:437,17
DA:438,17
DA:450,3028
DA:451,1514
DA:452,0
DA:453,0
DA:454,0
DA:461,3028
DA:462,1514
DA:463,6
DA:464,6
DA:465,6
DA:472,1508
DA:473,1508
DA:474,0
DA:475,0
DA:478,1508
DA:479,1508
DA:480,1508
DA:481,1508
DA:482,1508
DA:484,1508
DA:485,0
DA:486,0
DA:487,0
DA:495,789
DA:499,789
DA:500,789
DA:502,789
DA:503,789
DA:504,789
DA:505,789
DA:506,789
DA:508,789
DA:509,0
DA:510,0
DA:516,414
DA:518,414
DA:519,414
DA:520,414
DA:521,24
DA:522,24
DA:530,414
DA:533,12
DA:535,12
DA:536,12
DA:538,15
DA:540,15
DA:541,15
DA:543,11
DA:545,11
DA:546,11
DA:548,1634
DA:550,1634
DA:551,1634
DA:552,729
DA:554,905
DA:556,1634
DA:559,0
DA:562,0
DA:563,0
DA:566,0
DA:570,646
DA:573,646
DA:574,646
DA:577,646
DA:581,0
DA:584,0
DA:586,0
DA:589,0
DA:591,0
DA:593,18980
DA:599,37960
DA:601,18980
DA:605,18980
DA:606,18980
DA:608,18980
DA:609,18980
DA:610,18980
DA:611,18980
DA:613,18980
DA:614,0
DA:615,0
DA:621,0
DA:627,0
DA:631,0
DA:633,0
DA:634,0
DA:635,0
DA:638,0
DA:639,0
DA:640,0
DA:641,0
DA:646,0
DA:647,0
DA:652,0
DA:653,0
DA:654,0
DA:655,0
DA:658,0
DA:659,0
DA:660,0
DA:661,0
DA:664,0
DA:665,0
DA:666,0
DA:667,0
DA:670,0
DA:671,0
DA:672,0
DA:673,0
DA:675,0
DA:676,0
DA:677,0
DA:678,0
DA:707,1051
DA:709,1051
DA:712,1051
DA:715,488
DA:718,201
DA:721,165
DA:724,165
DA:727,165
DA:732,1561
DA:736,3122
DA:737,1561
DA:740,3048
DA:741,1524
DA:742,1500
DA:747,909
DA:753,909
DA:754,2359
DA:755,1450
DA:756,1450
DA:757,33
DA:758,1450
DA:759,0
DA:760,1450
DA:763,909
DA:766,691
DA:768,691
DA:769,691
DA:770,691
DA:771,691
DA:775,691
DA:776,691
DA:777,691
DA:778,691
DA:780,691
DA:783,691
DA:785,691
DA:788,691
DA:790,691
DA:791,691
DA:792,0
DA:793,0
DA:796,691
DA:798,691
DA:799,0
DA:800,0
DA:805,691
DA:807,691
DA:809,4501
DA:810,3810
DA:812,691
DA:815,691
DA:816,691
DA:817,0
DA:818,0
DA:821,691
DA:822,691
DA:823,691
DA:824,0
DA:825,0
DA:828,691
DA:830,691
DA:831,4501
DA:832,3810
DA:833,3749
DA:834,3749
DA:841,691
DA:843,4436
DA:844,3746
DA:845,424
DA:846,0
DA:847,0
DA:849,424
DA:851,3746
DA:852,411
DA:853,1
DA:854,1
DA:856,410
DA:860,690
DA:861,14
DA:862,14
DA:865,676
DA:873,676
DA:874,676
DA:875,676
DA:877,3122
DA:878,2470
DA:879,2470
DA:881,1240
DA:882,1240
DA:885,1240
DA:886,298
DA:888,1240
DA:890,1240
DA:891,986
DA:892,133
DA:894,986
DA:895,13
DA:899,1230
DA:900,555
DA:902,675
DA:903,675
DA:905,1230
DA:909,3379
DA:911,909
DA:912,0
DA:913,0
DA:915,909
DA:916,0
DA:917,0
DA:920,1818
DA:922,909
DA:923,789
DA:924,789
DA:925,0
DA:926,0
DA:929,789
DA:930,0
DA:931,0
DA:935,789
DA:938,789
DA:940,789
DA:941,789
DA:943,789
DA:944,0
DA:945,0
DA:949,909
DA:951,1561
DA:954,2470
DA:955,24
DA:956,24
DA:959,2446
DA:963,946
DA:964,0
DA:965,1500
DA:972,1665
DA:974,1051
DA:975,1051
DA:977,165
DA:978,165
DA:979,0
DA:980,0
DA:983,1500
DA:988,1104
DA:994,396
DA:1000,0
DA:1001,2446
DA:1007,1188
DA:1008,536
DA:1009,536
DA:1010,0
DA:1011,652
DA:1016,652
DA:1017,652
DA:1018,6
DA:1019,6
DA:1023,646
DA:1024,0
DA:1025,0
DA:1031,45
DA:1032,45
DA:1033,45
DA:1034,45
DA:1035,45
DA:1036,45
DA:1037,45
DA:1038,45
DA:1042,652
DA:1044,652
DA:1051,652
DA:1052,652
DA:1054,2291
DA:1055,1644
DA:1056,1644
DA:1060,943
DA:1063,943
DA:1064,943
DA:1067,701
DA:1068,1694
DA:1069,998
DA:1072,993
DA:1074,696
DA:1077,696
DA:1078,696
DA:1082,0
DA:1085,1639
DA:1088,647
DA:1090,646
DA:1091,646
DA:1094,646
DA:1097,646
DA:1108,646
DA:1110,646
DA:1113,646
DA:1114,646
DA:1116,646
DA:1118,2280
DA:1119,1634
DA:1120,1634
DA:1125,939
DA:1126,939
DA:1129,695
DA:1130,1683
DA:1131,988
DA:1132,988
DA:1134,695
DA:1135,236
DA:1136,236
DA:1138,459
DA:1139,459
DA:1141,695
DA:1142,695
DA:1143,695
DA:1148,1634
DA:1150,646
DA:1151,646
DA:1154,646
DA:1157,646
DA:1158,646
DA:1159,646
DA:1164,646
DA:1166,730
DA:1168,730
DA:1169,730
DA:1170,730
DA:1171,730
DA:1173,730
DA:1174,730
DA:1175,730
DA:1176,730
DA:1178,730
DA:1179,730
LF:533
LH:376
end_of_record
